4744, ./dataset/emoglobina.json
key: sp|P01953|HBA_MELME already embedded
key: sp|Q7M2Y5|HBB2_CHAMP already embedded
key: sp|Q1AGS5|HBA1_ARCGL already embedded
key: sp|P11754|HBB_CYNSP already embedded
key: sp|P73925|TRHBN_SYNY3 already embedded
key: sp|P10892|HBA_LUTLU already embedded
key: sp|P28780|HBA_TAPGE already embedded
key: sp|P01969|HBA_BOSGF already embedded
key: sp|P08849|HBAD_ACCGE already embedded
key: sp|P08261|HBB_CHRRI already embedded
key: sp|P68077|HBG_MACMU already embedded
key: sp|P9WN23|TRHBO_MYCTU already embedded
key: sp|P22742|HBB_FRAPO already embedded
key: sp|P81024|HBAD_MELGA already embedded
key: sp|P02143|HBB_HETPO already embedded
key: sp|P14389|HBA_PTEAL already embedded
key: sp|P30893|HBB_COTJA already embedded
key: sp|P24291|HBA_ECHTE already embedded
key: sp|P02229|GLB3_CHITH already embedded
key: sp|P01980|HBA_APTFO already embedded
key: sp|P07406|HBB_PASMO already embedded
key: sp|P01944|HBA_ONDZI already embedded
key: sp|P08851|HBB_ACCGE already embedded
key: sp|P21198|GLB2_MORMR already embedded
key: sp|P69905|HBA_HUMAN already embedded
key: sp|P02032|HBB_SEMEN already embedded
key: sp|P02076|HBB_OVIMU already embedded
key: sp|P20413|GLB4_LAMSP already embedded
key: sp|P07415|HBB_TRIIN already embedded
key: sp|P23741|HBB_LATCH already embedded
key: sp|P86390|HBB2_IGUIG already embedded
key: sp|P02110|HBB_TACAC already embedded
key: sp|P02011|HBA3_LITCT already embedded
key: sp|P02001|HBAD_CHICK already embedded
key: sp|P02092|HBB_MICXA already embedded
key: sp|P02010|HBA_VIPAS already embedded
key: sp|P01943|HBA_SPAEH already embedded
key: sp|P01963|HBA_CERSI already embedded
key: sp|P18989|HBB_PROLO already embedded
key: sp|P12548|GLB73_CHITH already embedded
key: sp|P45719|HBA2_TRENE already embedded
key: sp|P63107|HBA_MACFU already embedded
key: sp|P68234|HBB_ATEBE already embedded
key: sp|P15447|GLB4_GLYDI already embedded
key: sp|P14526|HBB_BRATR already embedded
key: sp|P02008|HBAZ_HUMAN already embedded
key: sp|P60530|HBA_CANLA already embedded
key: sp|P18974|HBA1_IGUIG already embedded
key: sp|P02095|HBB_CAVPO already embedded
key: sp|P15160|TRHBN_PARCA already embedded
key: sp|P23016|HBA_CYGMA already embedded
key: sp|P02135|HBB_LITCT already embedded
key: sp|D0VX08|HBB_PTEGI already embedded
key: sp|P22743|HBB2_NAJNA already embedded
key: sp|P09421|HBB_SPECI already embedded
key: sp|B3EWD9|HBA_TAMST already embedded
key: sp|P02134|HBB_PELLE already embedded
key: sp|Q9TSN8|HBA2_BUBBU already embedded
key: sp|P21201|HBB_VULVU already embedded
key: sp|P68871|HBB_HUMAN already embedded
key: sp|P63112|HBA_PAPCY already embedded
key: sp|P21197|GLB1_MORMR already embedded
key: sp|P02116|HBB_ARAAR already embedded
key: sp|P09422|HBB_BISBO already embedded
key: sp|P68055|HBB_SAGOE already embedded
key: sp|P01926|HBA_CHLAE already embedded
key: sp|P23019|HBA_PROCR already embedded
key: sp|P0C0U6|HBA_DRYME already embedded
Predicting the embedding for  sp|P23600|HBA_MUSLU ...
Time for embedding: 7.070547819137573
element added
Predicting the embedding for  sp|P01972|HBA_ODOVI ...
Time for embedding: 6.406756401062012
element added
Predicting the embedding for  sp|B3EWD7|HBA_TAMHU ...
Time for embedding: 6.583557367324829
element added
Predicting the embedding for  sp|P23018|HBB2_CYGMA ...
Time for embedding: 6.434560537338257
element added
Predicting the embedding for  sp|P68065|HBB2_PANPS ...
Time for embedding: 6.383732080459595
element added
Predicting the embedding for  sp|P83478|HBBC_CONCO ...
Time for embedding: 6.427629232406616
element added
Predicting the embedding for  sp|P19645|HBA_PAGLA ...
Time for embedding: 6.396246671676636
element added
Predicting the embedding for  sp|P68061|HBB_AEGMO ...
Time for embedding: 6.466516017913818
element added
Predicting the embedding for  sp|O76242|GLBN_CERLA ...
Time for embedding: 6.3866798877716064
element added
Predicting the embedding for  sp|P02088|HBB1_MOUSE ...
Time for embedding: 6.479769706726074
element added
Predicting the embedding for  sp|P15166|HBB_LEPWE ...
Time for embedding: 6.57438325881958
element added
Predicting the embedding for  sp|P02122|HBB_AQUCH ...
Time for embedding: 6.443464279174805
element added
Predicting the embedding for  sp|P14524|HBB_TURME ...
Time for embedding: 6.378594160079956
element added
Predicting the embedding for  sp|P41329|HBA1_ARCGA ...
Time for embedding: 6.431665658950806
element added
Predicting the embedding for  sp|P09423|HBA_BISBO ...
Time for embedding: 6.385655879974365
element added
Predicting the embedding for  sp|P86879|HBB1_LYCRE ...
Time for embedding: 6.441065788269043
element added
Predicting the embedding for  sp|P02058|HBB_ROUAE ...
Time for embedding: 6.393432378768921
element added
Predicting the embedding for  sp|P02018|HBA_CARAU ...
Time for embedding: 6.371955156326294
element added
Predicting the embedding for  sp|P68078|HBG_MACFU ...
Time for embedding: 6.505209445953369
element added
Predicting the embedding for  sp|O04986|HBL1_ORYSJ ...
Time for embedding: 6.464903116226196
element added
Predicting the embedding for  sp|P19646|HBB_PAGLA ...
Time for embedding: 6.363875150680542
element added
Predicting the embedding for  sp|P07803|HBL_TRETO ...
Time for embedding: 6.443742990493774
element added
Predicting the embedding for  sp|B3EWD0|HBB_OTOBE ...
Time for embedding: 6.813511610031128
element added
Predicting the embedding for  sp|P63110|HBA_PANPO ...
Time for embedding: 6.3629865646362305
element added
Predicting the embedding for  sp|Q7LZC2|HBB1_MURHE ...
Time for embedding: 6.390801191329956
element added
Predicting the embedding for  sp|P02101|HBE_PIG ...
Time for embedding: 6.384342193603516
element added
Predicting the embedding for  sp|P19831|HBA_PSIKR ...
Time for embedding: 6.406143665313721
element added
Predicting the embedding for  sp|P68046|HBB_ODORO ...
Time for embedding: 6.389219045639038
element added
Predicting the embedding for  sp|P08054|HBP1_CASGL ...
Time for embedding: 6.5282371044158936
element added
Predicting the embedding for  sp|P83114|HBB2_TELPE ...
Time for embedding: 6.685127019882202
element added
Predicting the embedding for  sp|P10893|HBB_LUTLU ...
Time for embedding: 6.444600820541382
element added
Predicting the embedding for  sp|P02223|GLB9_CHITH ...
Time for embedding: 6.49281644821167
element added
Predicting the embedding for  sp|P18972|HBA_MICAD ...
Time for embedding: 6.3836448192596436
element added
Predicting the embedding for  sp|P02139|HBB_CYPCA ...
Time for embedding: 6.4066009521484375
element added
Predicting the embedding for  sp|P83132|HBA2_ALDGI ...
Time for embedding: 6.364856958389282
element added
Predicting the embedding for  sp|P14391|HBB_PTEAL ...
Time for embedding: 6.408714294433594
element added
Predicting the embedding for  sp|P11758|HBB_MYOVE ...
Time for embedding: 6.4139015674591064
element added
Predicting the embedding for  sp|P02060|HBB_SUNMU ...
Time for embedding: 6.393251419067383
element added
Predicting the embedding for  sp|P20412|GLB1_LAMSP ...
Time for embedding: 5.983323097229004
element added
Predicting the embedding for  sp|P20019|HBA2_VARVI ...
Time for embedding: 6.369880676269531
element added
Predicting the embedding for  sp|P86051|FIBR_GANLU ...
Time for embedding: 5.9069294929504395
element added
Predicting the embedding for  sp|P10783|HBA1_TRICR ...
Time for embedding: 6.373309373855591
element added
Predicting the embedding for  sp|P02002|HBAD_PHACO ...
Time for embedding: 6.368934869766235
element added
Predicting the embedding for  sp|Q10735|PEPB_PIG ...
Time for embedding: 6.080608129501343
element added
Predicting the embedding for  sp|P01981|HBA_STRCA ...
Time for embedding: 6.400345087051392
element added
Predicting the embedding for  sp|P08852|HBA_MARMA ...
Time for embedding: 6.365906715393066
element added
Predicting the embedding for  sp|P63108|HBA_MACMU ...
Time for embedding: 6.361473560333252
element added
Predicting the embedding for  sp|P55267|HBAC_LITCT ...
Time for embedding: 6.527388572692871
element added
Predicting the embedding for  sp|P01588|EPO_HUMAN ...
Time for embedding: 6.732507228851318
element added
Predicting the embedding for  sp|P01930|HBA_PILBA ...
Time for embedding: 6.392190217971802